
˿    ⹹  Q  Ļ    ȺԳ  ݱ΢  
ɽ  ΰ      Ʒ    
йɫ  ׶  ѧչ  ̬  ṫƽ    лΰ  幦  ռ俪    緢չһ廯  С    Ļǿ  ҵλ    ѡ      г      ȫ  ҪսԻ  ȡشչ  ̬ϵͳ  Ȳƽ    ӿת  ʽΣ  ¶׼    ȽĻ  ũҵۺ  ʳƷҩƷȫ  ۵ϵ  ͬԸ  ͹  ˾  ϱ  ȫлŮ  ս˲ҵ  ϷȨ  ȫͬ    ǰƽ  Ļʵ  ֤񵱼  ϵ  ȫҽ  ֿ  չ  Ч  ƶȸĸ    δ  ʵ徭  ѧˮƽ  㵳  Ȼ  ȫ潨С    ʳȫ  ʵ  ɲ      ر  ڵ  ѧش        ȫв    Ļ    Ӱ  Ծ  Ͷ  ִҵ    ˹ͬ  ʵƽ  Ҹ  ļֵ  η      ƽȻ  ҡ    ҪսԻ  ת侭÷չʽ  ӿת侭÷չʽ  ļֵϵ  ȡشչ  ʵлΰ  ںʽչ  Ȼ  ĸ￪  άṫƽ  
˿    ⹹  Q  Ļ    ȺԳ  ݱ΢  
˿    ⹹  ˿Ļ  Q  Ļ  ȺԳ  ݱ΢  ˧  
˿##⹹#˿Ļ#Q#Ļ#ȺԳ#ݱ΢#˧#






#ӪԹĹ#ԹĹ###ԹĹ##ԹĹ#йĹ#г###ᱩ#г##Ĺ#չˮƽ#ƶ#ҵ#ʽͶ##ڱ##ؼ#Ĺ۸##Ƿ#Ĺ#ⲹ#ɥƷ#Ʒ#ǻҼĴ#ԹĹ#
#ӪԹĹ#ԹĹ###ԹĹ##ԹĹ#йĹ#г###ᱩ#г##Ĺ#չˮƽ#ƶ#ҵ#ʽͶ##ڱ##ؼ#Ĺ۸##Ƿ#Ĺ#ⲹ#ɥƷ#Ʒ#ǻҼĴ#ԹĹ#


˿##⹹#˿Ļ#Q#Ļ#ȺԳ#ݱ΢#
#ӪԹĹ#ԹĹ###ԹĹ##ԹĹ#йĹ#г###ᱩ#г##Ĺ#չˮƽ#ƶ#ҵ#ʽͶ##ڱ##ؼ#Ĺ۸##Ƿ#Ĺ#ⲹ#ɥƷ#Ʒ#ǻҼĴ#ԹĹ#
˿##⹹#˿Ļ#Q#Ļ#ȺԳ#ݱ΢#
#ӪԹĹ#ԹĹ###ԹĹ##ԹĹ#йĹ#г###ᱩ#г##Ĺ#չˮƽ#ƶ#ҵ#ʽͶ##ڱ##ؼ#Ĺ۸##Ƿ#Ĺ#ⲹ#ɥƷ#Ʒ#ǻҼĴ#ԹĹ#
˿##⹹#˿Ļ#Q#Ļ#ȺԳ#ݱ΢#
#ӪԹĹ#ԹĹ###ԹĹ##ԹĹ#йĹ#г###ᱩ#г##Ĺ#չˮƽ#ƶ#ҵ#ʽͶ##ڱ##ؼ#Ĺ۸##Ƿ#Ĺ#ⲹ#ɥƷ#Ʒ#ǻҼĴ#ԹĹ#
#ӪԹĹ#ԹĹ###ԹĹ##ԹĹ#йĹ#г###ᱩ#г##Ĺ#չˮƽ#ƶ#ҵ#ʽͶ##ڱ##ؼ#Ĺ۸##Ƿ#Ĺ#ⲹ#ɥƷ#Ʒ#ǻҼĴ#ԹĹ#
#ӪԹĹ#ԹĹ###ԹĹ##ԹĹ#йĹ#г###ᱩ#г##Ĺ#չˮƽ#ƶ#ҵ#ʽͶ##ڱ##ؼ#Ĺ۸##Ƿ#Ĺ#ⲹ#ɥƷ#Ʒ#ǻҼĴ#ԹĹ#
#ӪԹĹ#ԹĹ###ԹĹ##ԹĹ#йĹ#г###ᱩ#г##Ĺ#չˮƽ#ƶ#ҵ#ʽͶ##ڱ##ؼ#Ĺ۸##Ƿ#Ĺ#ⲹ#ɥƷ#Ʒ#ǻҼĴ#ԹĹ#
˿##⹹#˿Ļ#Q#Ļ#ȺԳ#ݱ΢#
农业高新技术企业#农业高新技术产业#现代农业#农业高新技术#社会资本#绿色发展#农业农村#创新驱动发展#创新驱动#高新技术企业#
农业高新技术企业#农业高新技术产业#现代农业#农业高新技术#社会资本#绿色发展#农业农村#创新驱动发展#创新驱动#高新技术企业#
农业高新技术企业#农业高新技术产业#现代农业#农业高新技术#社会资本#绿色发展#农业农村#创新驱动发展#创新驱动#高新技术企业#
乡村配送网点#公共服务平台#物流配送模式#牛奶取货#配送模式#物流配送#配送网点#运输成本#城市公共#乡村配送#
乡村配送网点#公共服务平台#物流配送模式#牛奶取货#配送模式#物流配送#配送网点#运输成本#城市公共#乡村配送#
乡村配送网点#公共服务平台#物流配送模式#牛奶取货#配送模式#物流配送#配送网点#运输成本#城市公共#乡村配送#
